<!DOCTYPE html>

<html>
  <head>
  <meta charset='utf-8'>
  <title>TestNG reports</title>

    <link type="text/css" href="testng-reports.css" rel="stylesheet" />
    <script type="text/javascript" src="jquery-1.7.1.min.js"></script>
    <script type="text/javascript" src="testng-reports.js"></script>
    <script type="text/javascript" src="https://www.google.com/jsapi"></script>
    <script type='text/javascript'>
      google.load('visualization', '1', {packages:['table']});
      google.setOnLoadCallback(drawTable);
      var suiteTableInitFunctions = new Array();
      var suiteTableData = new Array();
    </script>
    <!--
      <script type="text/javascript" src="jquery-ui/js/jquery-ui-1.8.16.custom.min.js"></script>
     -->
  </head>

  <body>
    <div class="top-banner-root">
      <span class="top-banner-title-font">Test results</span>
      <br/>
      <span class="top-banner-font-1">1 suite, 2 failed tests</span>
    </div> <!-- top-banner-root -->
    <div class="navigator-root">
      <div class="navigator-suite-header">
        <span>All suites</span>
        <a href="#" class="collapse-all-link" title="Collapse/expand all the suites">
          <img class="collapse-all-icon" src="collapseall.gif">
          </img> <!-- collapse-all-icon -->
        </a> <!-- collapse-all-link -->
      </div> <!-- navigator-suite-header -->
      <div class="suite">
        <div class="rounded-window">
          <div class="suite-header light-rounded-window-top">
            <a href="#" class="navigator-link" panel-name="suite-Suite111">
              <span class="suite-name border-failed">Suite111</span>
            </a> <!-- navigator-link -->
          </div> <!-- suite-header light-rounded-window-top -->
          <div class="navigator-suite-content">
            <div class="suite-section-title">
              <span>Info</span>
            </div> <!-- suite-section-title -->
            <div class="suite-section-content">
              <ul>
                <li>
                  <a href="#" class="navigator-link " panel-name="test-xml-Suite111">
                    <span>C:\Users\MANIVANNAN\Downloads\InfoTech-develop\InfoTech-develop\src\test\java\com\cucumber\framework\testng\testNG.xml</span>
                  </a> <!-- navigator-link  -->
                </li>
                <li>
                  <a href="#" class="navigator-link " panel-name="testlist-Suite111">
                    <span class="test-stats">2 tests</span>
                  </a> <!-- navigator-link  -->
                </li>
                <li>
                  <a href="#" class="navigator-link " panel-name="group-Suite111">
                    <span>1 group</span>
                  </a> <!-- navigator-link  -->
                </li>
                <li>
                  <a href="#" class="navigator-link " panel-name="times-Suite111">
                    <span>Times</span>
                  </a> <!-- navigator-link  -->
                </li>
                <li>
                  <a href="#" class="navigator-link " panel-name="reporter-Suite111">
                    <span>Reporter output</span>
                  </a> <!-- navigator-link  -->
                </li>
                <li>
                  <a href="#" class="navigator-link " panel-name="ignored-methods-Suite111">
                    <span>Ignored methods</span>
                  </a> <!-- navigator-link  -->
                </li>
                <li>
                  <a href="#" class="navigator-link " panel-name="chronological-Suite111">
                    <span>Chronological view</span>
                  </a> <!-- navigator-link  -->
                </li>
              </ul>
            </div> <!-- suite-section-content -->
            <div class="result-section">
              <div class="suite-section-title">
                <span>Results</span>
              </div> <!-- suite-section-title -->
              <div class="suite-section-content">
                <ul>
                  <li>
                    <span class="method-stats">11 methods, 2 failed,   9 passed</span>
                  </li>
                  <li>
                    <span class="method-list-title failed">Failed methods</span>
                    <span class="show-or-hide-methods failed">
                      <a href="#" panel-name="suite-Suite111" class="hide-methods failed suite-Suite111"> (hide)</a> <!-- hide-methods failed suite-Suite111 -->
                      <a href="#" panel-name="suite-Suite111" class="show-methods failed suite-Suite111"> (show)</a> <!-- show-methods failed suite-Suite111 -->
                    </span>
                    <div class="method-list-content failed suite-Suite111">
                      <span>
                        <img width="3%" src="failed.png"/>
                        <a href="#" class="method navigator-link" panel-name="suite-Suite111" title="com.cucumber.framework.runner.UserAccess.useraccess_runner" hash-for-method="feature(verify the InfoTech_clo negative4)">feature(verify the InfoTech_clo negative4)</a> <!-- method navigator-link -->
                      </span>
                      <br/>
                      <span>
                        <img width="3%" src="failed.png"/>
                        <a href="#" class="method navigator-link" panel-name="suite-Suite111" title="com.cucumber.framework.runner.UserAccess.useraccess_runner" hash-for-method="feature(verify the InfoTech_cloud negative3)">feature(verify the InfoTech_cloud negative3)</a> <!-- method navigator-link -->
                      </span>
                      <br/>
                    </div> <!-- method-list-content failed suite-Suite111 -->
                  </li>
                  <li>
                    <span class="method-list-title passed">Passed methods</span>
                    <span class="show-or-hide-methods passed">
                      <a href="#" panel-name="suite-Suite111" class="hide-methods passed suite-Suite111"> (hide)</a> <!-- hide-methods passed suite-Suite111 -->
                      <a href="#" panel-name="suite-Suite111" class="show-methods passed suite-Suite111"> (show)</a> <!-- show-methods passed suite-Suite111 -->
                    </span>
                    <div class="method-list-content passed suite-Suite111">
                      <span>
                        <img width="3%" src="passed.png"/>
                        <a href="#" class="method navigator-link" panel-name="suite-Suite111" title="com.cucumber.framework.runner.UserAccess.useraccess_runner" hash-for-method="feature(verify the InfoTech_cloud UserAccess_Positive_Flow)">feature(verify the InfoTech_cloud UserAccess_Positive_Flow)</a> <!-- method navigator-link -->
                      </span>
                      <br/>
                      <span>
                        <img width="3%" src="passed.png"/>
                        <a href="#" class="method navigator-link" panel-name="suite-Suite111" title="com.cucumber.framework.runner.UserAccess.useraccess_runner" hash-for-method="feature(verify the InfoTech_cloud login page)">feature(verify the InfoTech_cloud login page)</a> <!-- method navigator-link -->
                      </span>
                      <br/>
                      <span>
                        <img width="3%" src="passed.png"/>
                        <a href="#" class="method navigator-link" panel-name="suite-Suite111" title="com.cucumber.framework.runner.UserAccess.useraccess_runner" hash-for-method="feature(verify the)">feature(verify the)</a> <!-- method navigator-link -->
                      </span>
                      <br/>
                      <span>
                        <img width="3%" src="passed.png"/>
                        <a href="#" class="method navigator-link" panel-name="suite-Suite111" title="com.cucumber.framework.runner.UserAccess.useraccess_runner" hash-for-method="feature(verify the InfoTech_Negative2)">feature(verify the InfoTech_Negative2)</a> <!-- method navigator-link -->
                      </span>
                      <br/>
                      <span>
                        <img width="3%" src="passed.png"/>
                        <a href="#" class="method navigator-link" panel-name="suite-Suite111" title="com.cucumber.framework.runner.UserAccess.useraccess_runner" hash-for-method="feature(verify the InfoTech_cloud Forgot Password)">feature(verify the InfoTech_cloud Forgot Password)</a> <!-- method navigator-link -->
                      </span>
                      <br/>
                      <span>
                        <img width="3%" src="passed.png"/>
                        <a href="#" class="method navigator-link" panel-name="suite-Suite111" title="com.cucumber.framework.runner.UserAccess.useraccess_runner" hash-for-method="feature(verify the InfoTech_cloud positive)">feature(verify the InfoTech_cloud positive)</a> <!-- method navigator-link -->
                      </span>
                      <br/>
                      <span>
                        <img width="3%" src="passed.png"/>
                        <a href="#" class="method navigator-link" panel-name="suite-Suite111" title="com.cucumber.framework.runner.UserAccess.useraccess_runner" hash-for-method="feature(verify the InfoTech_ negative1)">feature(verify the InfoTech_ negative1)</a> <!-- method navigator-link -->
                      </span>
                      <br/>
                      <span>
                        <img width="3%" src="passed.png"/>
                        <a href="#" class="method navigator-link" panel-name="suite-Suite111" title="com.cucumber.framework.runner.Infotech_HR.failedscenario" hash-for-method="feature(verify the InfoTech_clo negative4)">feature(verify the InfoTech_clo negative4)</a> <!-- method navigator-link -->
                      </span>
                      <br/>
                      <span>
                        <img width="3%" src="passed.png"/>
                        <a href="#" class="method navigator-link" panel-name="suite-Suite111" title="com.cucumber.framework.runner.Infotech_HR.failedscenario" hash-for-method="feature(verify the InfoTech_cloud negative3)">feature(verify the InfoTech_cloud negative3)</a> <!-- method navigator-link -->
                      </span>
                      <br/>
                    </div> <!-- method-list-content passed suite-Suite111 -->
                  </li>
                </ul>
              </div> <!-- suite-section-content -->
            </div> <!-- result-section -->
          </div> <!-- navigator-suite-content -->
        </div> <!-- rounded-window -->
      </div> <!-- suite -->
    </div> <!-- navigator-root -->
    <div class="wrapper">
      <div class="main-panel-root">
        <div panel-name="suite-Suite111" class="panel Suite111">
          <div class="suite-Suite111-class-failed">
            <div class="main-panel-header rounded-window-top">
              <img src="failed.png"/>
              <span class="class-name">com.cucumber.framework.runner.UserAccess.useraccess_runner</span>
            </div> <!-- main-panel-header rounded-window-top -->
            <div class="main-panel-content rounded-window-bottom">
              <div class="method">
                <div class="method-content">
                  <a name="feature(verify the InfoTech_clo negative4)">
                  </a> <!-- feature(verify the InfoTech_clo negative4) -->
                  <span class="method-name">feature</span>
                  <span class="parameters">(verify the InfoTech_clo negative4)</span>
                  <div class="stack-trace">cucumber.runtime.CucumberException: org.openqa.selenium.NoSuchElementException: no such element: Unable to locate element: {&quot;method&quot;:&quot;xpath&quot;,&quot;selector&quot;:&quot;.//input[@name=&apos;txtLogin&apos; or @id=&apos;txtLogin&apos;]&quot;}
  (Session info: chrome=75.0.3770.142)
  (Driver info: chromedriver=2.40.565498 (ea082db3280dd6843ebfb08a625e3eb905c4f5ab),platform=Windows NT 10.0.17134 x86_64) (WARNING: The server did not provide any stacktrace information)
Command duration or timeout: 0 milliseconds
For documentation on this error, please visit: http://seleniumhq.org/exceptions/no_such_element.html
Build info: version: &apos;3.5.1&apos;, revision: &apos;9c21bb67ef&apos;, time: &apos;2017-08-17T15:26:08.955Z&apos;
System info: host: &apos;LAPTOP-P9U8PG08&apos;, ip: &apos;192.168.1.89&apos;, os.name: &apos;Windows 10&apos;, os.arch: &apos;amd64&apos;, os.version: &apos;10.0&apos;, java.version: &apos;1.8.0_201&apos;
Driver info: org.openqa.selenium.chrome.ChromeDriver
Capabilities [{mobileEmulationEnabled=false, hasTouchScreen=false, platform=XP, acceptSslCerts=false, acceptInsecureCerts=false, webStorageEnabled=true, browserName=chrome, takesScreenshot=true, javascriptEnabled=true, setWindowRect=true, unexpectedAlertBehaviour=, applicationCacheEnabled=false, rotatable=false, networkConnectionEnabled=false, chrome={chromedriverVersion=2.40.565498 (ea082db3280dd6843ebfb08a625e3eb905c4f5ab), userDataDir=C:\Users\MANIVA~1\AppData\Local\Temp\scoped_dir8600_25251}, takesHeapSnapshot=true, pageLoadStrategy=normal, unhandledPromptBehavior=, databaseEnabled=false, handlesAlerts=true, version=75.0.3770.142, browserConnectionEnabled=false, nativeEvents=true, locationContextEnabled=true, cssSelectorsEnabled=true}]
Session ID: d3b520bc60d9c63de0bf36d02611eab1
*** Element info: {Using=xpath, value=.//input[@name=&apos;txtLogin&apos; or @id=&apos;txtLogin&apos;]}
	at cucumber.api.testng.TestNGCucumberRunner.runCucumber(TestNGCucumberRunner.java:69)
	at cucumber.api.testng.AbstractTestNGCucumberTests.feature(AbstractTestNGCucumberTests.java:21)
Caused by: org.openqa.selenium.NoSuchElementException: no such element: Unable to locate element: {&quot;method&quot;:&quot;xpath&quot;,&quot;selector&quot;:&quot;.//input[@name=&apos;txtLogin&apos; or @id=&apos;txtLogin&apos;]&quot;}
  (Session info: chrome=75.0.3770.142)
  (Driver info: chromedriver=2.40.565498 (ea082db3280dd6843ebfb08a625e3eb905c4f5ab),platform=Windows NT 10.0.17134 x86_64) (WARNING: The server did not provide any stacktrace information)
Command duration or timeout: 0 milliseconds
For documentation on this error, please visit: http://seleniumhq.org/exceptions/no_such_element.html
Build info: version: &apos;3.5.1&apos;, revision: &apos;9c21bb67ef&apos;, time: &apos;2017-08-17T15:26:08.955Z&apos;
System info: host: &apos;LAPTOP-P9U8PG08&apos;, ip: &apos;192.168.1.89&apos;, os.name: &apos;Windows 10&apos;, os.arch: &apos;amd64&apos;, os.version: &apos;10.0&apos;, java.version: &apos;1.8.0_201&apos;
Driver info: org.openqa.selenium.chrome.ChromeDriver
Capabilities [{mobileEmulationEnabled=false, hasTouchScreen=false, platform=XP, acceptSslCerts=false, acceptInsecureCerts=false, webStorageEnabled=true, browserName=chrome, takesScreenshot=true, javascriptEnabled=true, setWindowRect=true, unexpectedAlertBehaviour=, applicationCacheEnabled=false, rotatable=false, networkConnectionEnabled=false, chrome={chromedriverVersion=2.40.565498 (ea082db3280dd6843ebfb08a625e3eb905c4f5ab), userDataDir=C:\Users\MANIVA~1\AppData\Local\Temp\scoped_dir8600_25251}, takesHeapSnapshot=true, pageLoadStrategy=normal, unhandledPromptBehavior=, databaseEnabled=false, handlesAlerts=true, version=75.0.3770.142, browserConnectionEnabled=false, nativeEvents=true, locationContextEnabled=true, cssSelectorsEnabled=true}]
Session ID: d3b520bc60d9c63de0bf36d02611eab1
*** Element info: {Using=xpath, value=.//input[@name=&apos;txtLogin&apos; or @id=&apos;txtLogin&apos;]}
	at org.openqa.selenium.remote.ErrorHandler.createThrowable(ErrorHandler.java:215)
	at org.openqa.selenium.remote.ErrorHandler.throwIfResponseFailed(ErrorHandler.java:167)
	at org.openqa.selenium.remote.http.JsonHttpResponseCodec.reconstructValue(JsonHttpResponseCodec.java:40)
	at org.openqa.selenium.remote.http.AbstractHttpResponseCodec.decode(AbstractHttpResponseCodec.java:82)
	at org.openqa.selenium.remote.http.AbstractHttpResponseCodec.decode(AbstractHttpResponseCodec.java:45)
	at org.openqa.selenium.remote.HttpCommandExecutor.execute(HttpCommandExecutor.java:164)
	at org.openqa.selenium.remote.service.DriverCommandExecutor.execute(DriverCommandExecutor.java:82)
	at org.openqa.selenium.remote.RemoteWebDriver.execute(RemoteWebDriver.java:641)
	at org.openqa.selenium.remote.RemoteWebDriver.findElement(RemoteWebDriver.java:414)
	at org.openqa.selenium.remote.RemoteWebDriver.findElementByXPath(RemoteWebDriver.java:513)
	at org.openqa.selenium.By$ByXPath.findElement(By.java:361)
	at org.openqa.selenium.remote.RemoteWebDriver.findElement(RemoteWebDriver.java:406)
	at org.openqa.selenium.support.pagefactory.DefaultElementLocator.findElement(DefaultElementLocator.java:69)
	at org.openqa.selenium.support.pagefactory.internal.LocatingElementHandler.invoke(LocatingElementHandler.java:38)
	at com.sun.proxy.$Proxy22.sendKeys(Unknown Source)
	at com.cucumber.framework.InfoTech.InfoTech_Page.enternamefield(InfoTech_Page.java:80)
	at com.cucumber.framework.stepdefinition.InfoTech_cloud.Login_infotech.enter_the_usernamesdsdsds_in_username_field(Login_infotech.java:57)
	at ✽.Then Enter the  usernamesdsdsds in username field &quot;testmani2@1.com&quot;(featurefile/UserAccess/UserAccess_Negative4_po.feature:86)
... Removed 29 stack frames
</div> <!-- stack-trace -->
                  <em>
(Runs Cucumber Feature)                  </em>
                </div> <!-- method-content -->
              </div> <!-- method -->
              <div class="method">
                <div class="method-content">
                  <a name="feature(verify the InfoTech_cloud negative3)">
                  </a> <!-- feature(verify the InfoTech_cloud negative3) -->
                  <span class="method-name">feature</span>
                  <span class="parameters">(verify the InfoTech_cloud negative3)</span>
                  <div class="stack-trace">cucumber.runtime.CucumberException: org.openqa.selenium.WebDriverException: unknown error: Element &lt;span class=&quot;title&quot;&gt;...&lt;/span&gt; is not clickable at point (924, 604). Other element would receive the click: &lt;div class=&quot;fullscreen mainloader&quot;&gt;...&lt;/div&gt;
  (Session info: chrome=75.0.3770.142)
  (Driver info: chromedriver=2.40.565498 (ea082db3280dd6843ebfb08a625e3eb905c4f5ab),platform=Windows NT 10.0.17134 x86_64) (WARNING: The server did not provide any stacktrace information)
Command duration or timeout: 0 milliseconds
Build info: version: &apos;3.5.1&apos;, revision: &apos;9c21bb67ef&apos;, time: &apos;2017-08-17T15:26:08.955Z&apos;
System info: host: &apos;LAPTOP-P9U8PG08&apos;, ip: &apos;192.168.1.89&apos;, os.name: &apos;Windows 10&apos;, os.arch: &apos;amd64&apos;, os.version: &apos;10.0&apos;, java.version: &apos;1.8.0_201&apos;
Driver info: org.openqa.selenium.chrome.ChromeDriver
Capabilities [{mobileEmulationEnabled=false, hasTouchScreen=false, platform=XP, acceptSslCerts=false, acceptInsecureCerts=false, webStorageEnabled=true, browserName=chrome, takesScreenshot=true, javascriptEnabled=true, setWindowRect=true, unexpectedAlertBehaviour=, applicationCacheEnabled=false, rotatable=false, networkConnectionEnabled=false, chrome={chromedriverVersion=2.40.565498 (ea082db3280dd6843ebfb08a625e3eb905c4f5ab), userDataDir=C:\Users\MANIVA~1\AppData\Local\Temp\scoped_dir14508_28657}, takesHeapSnapshot=true, pageLoadStrategy=normal, unhandledPromptBehavior=, databaseEnabled=false, handlesAlerts=true, version=75.0.3770.142, browserConnectionEnabled=false, nativeEvents=true, locationContextEnabled=true, cssSelectorsEnabled=true}]
Session ID: a5c8a27aec4e4962cb031384ecb8289f
	at cucumber.api.testng.TestNGCucumberRunner.runCucumber(TestNGCucumberRunner.java:69)
	at cucumber.api.testng.AbstractTestNGCucumberTests.feature(AbstractTestNGCucumberTests.java:21)
Caused by: org.openqa.selenium.WebDriverException: unknown error: Element &lt;span class=&quot;title&quot;&gt;...&lt;/span&gt; is not clickable at point (924, 604). Other element would receive the click: &lt;div class=&quot;fullscreen mainloader&quot;&gt;...&lt;/div&gt;
  (Session info: chrome=75.0.3770.142)
  (Driver info: chromedriver=2.40.565498 (ea082db3280dd6843ebfb08a625e3eb905c4f5ab),platform=Windows NT 10.0.17134 x86_64) (WARNING: The server did not provide any stacktrace information)
Command duration or timeout: 0 milliseconds
Build info: version: &apos;3.5.1&apos;, revision: &apos;9c21bb67ef&apos;, time: &apos;2017-08-17T15:26:08.955Z&apos;
System info: host: &apos;LAPTOP-P9U8PG08&apos;, ip: &apos;192.168.1.89&apos;, os.name: &apos;Windows 10&apos;, os.arch: &apos;amd64&apos;, os.version: &apos;10.0&apos;, java.version: &apos;1.8.0_201&apos;
Driver info: org.openqa.selenium.chrome.ChromeDriver
Capabilities [{mobileEmulationEnabled=false, hasTouchScreen=false, platform=XP, acceptSslCerts=false, acceptInsecureCerts=false, webStorageEnabled=true, browserName=chrome, takesScreenshot=true, javascriptEnabled=true, setWindowRect=true, unexpectedAlertBehaviour=, applicationCacheEnabled=false, rotatable=false, networkConnectionEnabled=false, chrome={chromedriverVersion=2.40.565498 (ea082db3280dd6843ebfb08a625e3eb905c4f5ab), userDataDir=C:\Users\MANIVA~1\AppData\Local\Temp\scoped_dir14508_28657}, takesHeapSnapshot=true, pageLoadStrategy=normal, unhandledPromptBehavior=, databaseEnabled=false, handlesAlerts=true, version=75.0.3770.142, browserConnectionEnabled=false, nativeEvents=true, locationContextEnabled=true, cssSelectorsEnabled=true}]
Session ID: a5c8a27aec4e4962cb031384ecb8289f
	at org.openqa.selenium.remote.ErrorHandler.createThrowable(ErrorHandler.java:215)
	at org.openqa.selenium.remote.ErrorHandler.throwIfResponseFailed(ErrorHandler.java:167)
	at org.openqa.selenium.remote.http.JsonHttpResponseCodec.reconstructValue(JsonHttpResponseCodec.java:40)
	at org.openqa.selenium.remote.http.AbstractHttpResponseCodec.decode(AbstractHttpResponseCodec.java:82)
	at org.openqa.selenium.remote.http.AbstractHttpResponseCodec.decode(AbstractHttpResponseCodec.java:45)
	at org.openqa.selenium.remote.HttpCommandExecutor.execute(HttpCommandExecutor.java:164)
	at org.openqa.selenium.remote.service.DriverCommandExecutor.execute(DriverCommandExecutor.java:82)
	at org.openqa.selenium.remote.RemoteWebDriver.execute(RemoteWebDriver.java:641)
	at org.openqa.selenium.remote.RemoteWebElement.execute(RemoteWebElement.java:275)
	at org.openqa.selenium.remote.RemoteWebElement.click(RemoteWebElement.java:82)
	at org.openqa.selenium.support.pagefactory.internal.LocatingElementHandler.invoke(LocatingElementHandler.java:51)
	at com.sun.proxy.$Proxy22.click(Unknown Source)
	at com.cucumber.framework.InfoTech.InfoTech_Page.Administrations(InfoTech_Page.java:137)
	at com.cucumber.framework.stepdefinition.InfoTech_cloud.Login_infotech.click_the_Administration(Login_infotech.java:314)
	at ✽.Then click the Administration(featurefile/UserAccess/UserAccess_Negative3_po.feature:12)
... Removed 32 stack frames
</div> <!-- stack-trace -->
                  <em>
(Runs Cucumber Feature)                  </em>
                </div> <!-- method-content -->
              </div> <!-- method -->
            </div> <!-- main-panel-content rounded-window-bottom -->
          </div> <!-- suite-Suite111-class-failed -->
          <div class="suite-Suite111-class-passed">
            <div class="main-panel-header rounded-window-top">
              <img src="passed.png"/>
              <span class="class-name">com.cucumber.framework.runner.UserAccess.useraccess_runner</span>
            </div> <!-- main-panel-header rounded-window-top -->
            <div class="main-panel-content rounded-window-bottom">
              <div class="method">
                <div class="method-content">
                  <a name="feature(verify the InfoTech_cloud UserAccess_Positive_Flow)">
                  </a> <!-- feature(verify the InfoTech_cloud UserAccess_Positive_Flow) -->
                  <span class="method-name">feature</span>
                  <span class="parameters">(verify the InfoTech_cloud UserAccess_Positive_Flow)</span>
                  <em>
(Runs Cucumber Feature)                  </em>
                </div> <!-- method-content -->
              </div> <!-- method -->
              <div class="method">
                <div class="method-content">
                  <a name="feature(verify the InfoTech_cloud login page)">
                  </a> <!-- feature(verify the InfoTech_cloud login page) -->
                  <span class="method-name">feature</span>
                  <span class="parameters">(verify the InfoTech_cloud login page)</span>
                  <em>
(Runs Cucumber Feature)                  </em>
                </div> <!-- method-content -->
              </div> <!-- method -->
              <div class="method">
                <div class="method-content">
                  <a name="feature(verify the)">
                  </a> <!-- feature(verify the) -->
                  <span class="method-name">feature</span>
                  <span class="parameters">(verify the)</span>
                  <em>
(Runs Cucumber Feature)                  </em>
                </div> <!-- method-content -->
              </div> <!-- method -->
              <div class="method">
                <div class="method-content">
                  <a name="feature(verify the InfoTech_Negative2)">
                  </a> <!-- feature(verify the InfoTech_Negative2) -->
                  <span class="method-name">feature</span>
                  <span class="parameters">(verify the InfoTech_Negative2)</span>
                  <em>
(Runs Cucumber Feature)                  </em>
                </div> <!-- method-content -->
              </div> <!-- method -->
              <div class="method">
                <div class="method-content">
                  <a name="feature(verify the InfoTech_cloud Forgot Password)">
                  </a> <!-- feature(verify the InfoTech_cloud Forgot Password) -->
                  <span class="method-name">feature</span>
                  <span class="parameters">(verify the InfoTech_cloud Forgot Password)</span>
                  <em>
(Runs Cucumber Feature)                  </em>
                </div> <!-- method-content -->
              </div> <!-- method -->
              <div class="method">
                <div class="method-content">
                  <a name="feature(verify the InfoTech_cloud positive)">
                  </a> <!-- feature(verify the InfoTech_cloud positive) -->
                  <span class="method-name">feature</span>
                  <span class="parameters">(verify the InfoTech_cloud positive)</span>
                  <em>
(Runs Cucumber Feature)                  </em>
                </div> <!-- method-content -->
              </div> <!-- method -->
              <div class="method">
                <div class="method-content">
                  <a name="feature(verify the InfoTech_ negative1)">
                  </a> <!-- feature(verify the InfoTech_ negative1) -->
                  <span class="method-name">feature</span>
                  <span class="parameters">(verify the InfoTech_ negative1)</span>
                  <em>
(Runs Cucumber Feature)                  </em>
                </div> <!-- method-content -->
              </div> <!-- method -->
            </div> <!-- main-panel-content rounded-window-bottom -->
          </div> <!-- suite-Suite111-class-passed -->
          <div class="suite-Suite111-class-passed">
            <div class="main-panel-header rounded-window-top">
              <img src="passed.png"/>
              <span class="class-name">com.cucumber.framework.runner.Infotech_HR.failedscenario</span>
            </div> <!-- main-panel-header rounded-window-top -->
            <div class="main-panel-content rounded-window-bottom">
              <div class="method">
                <div class="method-content">
                  <a name="feature(verify the InfoTech_clo negative4)">
                  </a> <!-- feature(verify the InfoTech_clo negative4) -->
                  <span class="method-name">feature</span>
                  <span class="parameters">(verify the InfoTech_clo negative4)</span>
                  <em>
(Runs Cucumber Feature)                  </em>
                </div> <!-- method-content -->
              </div> <!-- method -->
              <div class="method">
                <div class="method-content">
                  <a name="feature(verify the InfoTech_cloud negative3)">
                  </a> <!-- feature(verify the InfoTech_cloud negative3) -->
                  <span class="method-name">feature</span>
                  <span class="parameters">(verify the InfoTech_cloud negative3)</span>
                  <em>
(Runs Cucumber Feature)                  </em>
                </div> <!-- method-content -->
              </div> <!-- method -->
            </div> <!-- main-panel-content rounded-window-bottom -->
          </div> <!-- suite-Suite111-class-passed -->
        </div> <!-- panel Suite111 -->
        <div panel-name="test-xml-Suite111" class="panel">
          <div class="main-panel-header rounded-window-top">
            <span class="header-content">C:\Users\MANIVANNAN\Downloads\InfoTech-develop\InfoTech-develop\src\test\java\com\cucumber\framework\testng\testNG.xml</span>
          </div> <!-- main-panel-header rounded-window-top -->
          <div class="main-panel-content rounded-window-bottom">
            <pre>
&lt;?xml version=&quot;1.0&quot; encoding=&quot;UTF-8&quot;?&gt;
&lt;!DOCTYPE suite SYSTEM &quot;http://testng.org/testng-1.0.dtd&quot;&gt;
&lt;suite guice-stage=&quot;DEVELOPMENT&quot; name=&quot;Suite111&quot;&gt;
  &lt;test thread-count=&quot;5&quot; name=&quot;useraccess_runner_PO_and_login_forgot_po&quot;&gt;
    &lt;classes&gt;
      &lt;class name=&quot;com.cucumber.framework.runner.UserAccess.useraccess_runner&quot;/&gt;
    &lt;/classes&gt;
  &lt;/test&gt; &lt;!-- useraccess_runner_PO_and_login_forgot_po --&gt;
  &lt;test thread-count=&quot;5&quot; name=&quot;Login_failed&quot;&gt;
    &lt;classes&gt;
      &lt;class name=&quot;com.cucumber.framework.runner.Infotech_HR.failedscenario&quot;/&gt;
    &lt;/classes&gt;
  &lt;/test&gt; &lt;!-- Login_failed --&gt;
&lt;/suite&gt; &lt;!-- Suite111 --&gt;
            </pre>
          </div> <!-- main-panel-content rounded-window-bottom -->
        </div> <!-- panel -->
        <div panel-name="testlist-Suite111" class="panel">
          <div class="main-panel-header rounded-window-top">
            <span class="header-content">Tests for Suite111</span>
          </div> <!-- main-panel-header rounded-window-top -->
          <div class="main-panel-content rounded-window-bottom">
            <ul>
              <li>
                <span class="test-name">useraccess_runner_PO_and_login_forgot_po (1 class)</span>
              </li>
              <li>
                <span class="test-name">Login_failed (1 class)</span>
              </li>
            </ul>
          </div> <!-- main-panel-content rounded-window-bottom -->
        </div> <!-- panel -->
        <div panel-name="group-Suite111" class="panel">
          <div class="main-panel-header rounded-window-top">
            <span class="header-content">Groups for Suite111</span>
          </div> <!-- main-panel-header rounded-window-top -->
          <div class="main-panel-content rounded-window-bottom">
            <div class="test-group">
              <span class="test-group-name">cucumber</span>
              <br/>
              <div class="method-in-group">
                <span class="method-in-group-name">feature</span>
                <br/>
              </div> <!-- method-in-group -->
            </div> <!-- test-group -->
          </div> <!-- main-panel-content rounded-window-bottom -->
        </div> <!-- panel -->
        <div panel-name="times-Suite111" class="panel">
          <div class="main-panel-header rounded-window-top">
            <span class="header-content">Times for Suite111</span>
          </div> <!-- main-panel-header rounded-window-top -->
          <div class="main-panel-content rounded-window-bottom">
            <div class="times-div">
              <script type="text/javascript">
suiteTableInitFunctions.push('tableData_Suite111');
function tableData_Suite111() {
var data = new google.visualization.DataTable();
data.addColumn('number', 'Number');
data.addColumn('string', 'Method');
data.addColumn('string', 'Class');
data.addColumn('number', 'Time (ms)');
data.addRows(11);
data.setCell(0, 0, 0)
data.setCell(0, 1, 'feature')
data.setCell(0, 2, 'com.cucumber.framework.runner.UserAccess.useraccess_runner')
data.setCell(0, 3, 3960521);
data.setCell(1, 0, 1)
data.setCell(1, 1, 'feature')
data.setCell(1, 2, 'com.cucumber.framework.runner.UserAccess.useraccess_runner')
data.setCell(1, 3, 1669323);
data.setCell(2, 0, 2)
data.setCell(2, 1, 'feature')
data.setCell(2, 2, 'com.cucumber.framework.runner.UserAccess.useraccess_runner')
data.setCell(2, 3, 1470821);
data.setCell(3, 0, 3)
data.setCell(3, 1, 'feature')
data.setCell(3, 2, 'com.cucumber.framework.runner.UserAccess.useraccess_runner')
data.setCell(3, 3, 1266160);
data.setCell(4, 0, 4)
data.setCell(4, 1, 'feature')
data.setCell(4, 2, 'com.cucumber.framework.runner.UserAccess.useraccess_runner')
data.setCell(4, 3, 1095037);
data.setCell(5, 0, 5)
data.setCell(5, 1, 'feature')
data.setCell(5, 2, 'com.cucumber.framework.runner.UserAccess.useraccess_runner')
data.setCell(5, 3, 828120);
data.setCell(6, 0, 6)
data.setCell(6, 1, 'feature')
data.setCell(6, 2, 'com.cucumber.framework.runner.UserAccess.useraccess_runner')
data.setCell(6, 3, 598260);
data.setCell(7, 0, 7)
data.setCell(7, 1, 'feature')
data.setCell(7, 2, 'com.cucumber.framework.runner.UserAccess.useraccess_runner')
data.setCell(7, 3, 465846);
data.setCell(8, 0, 8)
data.setCell(8, 1, 'feature')
data.setCell(8, 2, 'com.cucumber.framework.runner.Infotech_HR.failedscenario')
data.setCell(8, 3, 209472);
data.setCell(9, 0, 9)
data.setCell(9, 1, 'feature')
data.setCell(9, 2, 'com.cucumber.framework.runner.Infotech_HR.failedscenario')
data.setCell(9, 3, 202388);
data.setCell(10, 0, 10)
data.setCell(10, 1, 'feature')
data.setCell(10, 2, 'com.cucumber.framework.runner.UserAccess.useraccess_runner')
data.setCell(10, 3, 71468);
window.suiteTableData['Suite111']= { tableData: data, tableDiv: 'times-div-Suite111'}
return data;
}
              </script>
              <span class="suite-total-time">Total running time: 3 hours</span>
              <div id="times-div-Suite111">
              </div> <!-- times-div-Suite111 -->
            </div> <!-- times-div -->
          </div> <!-- main-panel-content rounded-window-bottom -->
        </div> <!-- panel -->
        <div panel-name="reporter-Suite111" class="panel">
          <div class="main-panel-header rounded-window-top">
            <span class="header-content">Reporter output for Suite111</span>
          </div> <!-- main-panel-header rounded-window-top -->
          <div class="main-panel-content rounded-window-bottom">
          </div> <!-- main-panel-content rounded-window-bottom -->
        </div> <!-- panel -->
        <div panel-name="ignored-methods-Suite111" class="panel">
          <div class="main-panel-header rounded-window-top">
            <span class="header-content">0 ignored methods</span>
          </div> <!-- main-panel-header rounded-window-top -->
          <div class="main-panel-content rounded-window-bottom">
          </div> <!-- main-panel-content rounded-window-bottom -->
        </div> <!-- panel -->
        <div panel-name="chronological-Suite111" class="panel">
          <div class="main-panel-header rounded-window-top">
            <span class="header-content">Methods in chronological order</span>
          </div> <!-- main-panel-header rounded-window-top -->
          <div class="main-panel-content rounded-window-bottom">
            <div class="chronological-class">
              <div class="chronological-class-name">com.cucumber.framework.runner.UserAccess.useraccess_runner</div> <!-- chronological-class-name -->
              <div class="configuration-class before">
                <span class="method-name">setUpClass</span>
                <span class="method-start">0 ms</span>
              </div> <!-- configuration-class before -->
              <div class="test-method">
                <span class="method-name">feature(verify the InfoTech_cloud login page)</span>
                <span class="method-start">1284 ms</span>
              </div> <!-- test-method -->
              <div class="test-method">
                <span class="method-name">feature(verify the InfoTech_cloud Forgot Password)</span>
                <span class="method-start">467151 ms</span>
              </div> <!-- test-method -->
              <div class="test-method">
                <span class="method-name">feature(verify the InfoTech_cloud UserAccess_Positive_Flow)</span>
                <span class="method-start">538635 ms</span>
              </div> <!-- test-method -->
              <div class="test-method">
                <span class="method-name">feature(verify the)</span>
                <span class="method-start">1804797 ms</span>
              </div> <!-- test-method -->
              <div class="test-method">
                <span class="method-name">feature(verify the InfoTech_ negative1)</span>
                <span class="method-start">2403061 ms</span>
              </div> <!-- test-method -->
              <div class="test-method">
                <span class="method-name">feature(verify the InfoTech_Negative2)</span>
                <span class="method-start">3231183 ms</span>
              </div> <!-- test-method -->
              <div class="test-method">
                <img src="failed.png">
                </img>
                <span class="method-name">feature(verify the InfoTech_cloud negative3)</span>
                <span class="method-start">4326222 ms</span>
              </div> <!-- test-method -->
              <div class="test-method">
                <img src="failed.png">
                </img>
                <span class="method-name">feature(verify the InfoTech_clo negative4)</span>
                <span class="method-start">8286772 ms</span>
              </div> <!-- test-method -->
              <div class="test-method">
                <span class="method-name">feature(verify the InfoTech_cloud positive)</span>
                <span class="method-start">9757610 ms</span>
              </div> <!-- test-method -->
              <div class="configuration-class after">
                <span class="method-name">tearDownClass</span>
                <span class="method-start">11427017 ms</span>
              </div> <!-- configuration-class after -->
            </div> <!-- chronological-class -->
            <div class="chronological-class">
              <div class="chronological-class-name">com.cucumber.framework.runner.Infotech_HR.failedscenario</div> <!-- chronological-class-name -->
              <div class="configuration-class before">
                <span class="method-name">setUpClass</span>
                <span class="method-start">11431011 ms</span>
              </div> <!-- configuration-class before -->
              <div class="test-method">
                <span class="method-name">feature(verify the InfoTech_cloud negative3)</span>
                <span class="method-start">11431649 ms</span>
              </div> <!-- test-method -->
              <div class="test-method">
                <span class="method-name">feature(verify the InfoTech_clo negative4)</span>
                <span class="method-start">11634040 ms</span>
              </div> <!-- test-method -->
              <div class="configuration-class after">
                <span class="method-name">tearDownClass</span>
                <span class="method-start">11843513 ms</span>
              </div> <!-- configuration-class after -->
          </div> <!-- main-panel-content rounded-window-bottom -->
        </div> <!-- panel -->
      </div> <!-- main-panel-root -->
    </div> <!-- wrapper -->
  </body>
</html>
